#! /usr/bin/vvp
:ivl_version "10.1 (stable)";
:ivl_delay_selection "TYPICAL";
:vpi_time_precision + 0;
:vpi_module "system";
:vpi_module "vhdl_sys";
:vpi_module "v2005_math";
:vpi_module "va_math";
S_0x9a208e8 .scope module, "testbench" "testbench" 2 14;
 .timescale 0 0;
v0x9a7e1c8_0 .var "base_clock", 0 0;
v0x9a7e240_0 .net "clock_A", 0 0, v0x9a7e0b0_0;  1 drivers
v0x9a7e2b8_0 .net "clock_B", 0 0, v0x9a7e118_0;  1 drivers
S_0x9a1fcf8 .scope module, "splitter" "clock_splitter" 2 18, 2 3 0, S_0x9a208e8;
 .timescale 0 0;
    .port_info 0 /INPUT 1 "i_base_clock"
    .port_info 1 /OUTPUT 1 "o_clock_A"
    .port_info 2 /OUTPUT 1 "o_clock_B"
v0x9a1fe38_0 .net "i_base_clock", 0 0, v0x9a7e1c8_0;  1 drivers
v0x9a7e0b0_0 .var "o_clock_A", 0 0;
v0x9a7e118_0 .var "o_clock_B", 0 0;
E_0x9a1fde8 .event negedge, v0x9a1fe38_0;
E_0x9a1fe10 .event posedge, v0x9a1fe38_0;
    .scope S_0x9a1fcf8;
T_0 ;
    %pushi/vec4 0, 0, 1;
    %store/vec4 v0x9a7e0b0_0, 0, 1;
    %end;
    .thread T_0;
    .scope S_0x9a1fcf8;
T_1 ;
    %pushi/vec4 0, 0, 1;
    %store/vec4 v0x9a7e118_0, 0, 1;
    %end;
    .thread T_1;
    .scope S_0x9a1fcf8;
T_2 ;
    %wait E_0x9a1fe10;
    %load/vec4 v0x9a7e0b0_0;
    %nor/r;
    %store/vec4 v0x9a7e0b0_0, 0, 1;
    %jmp T_2;
    .thread T_2;
    .scope S_0x9a1fcf8;
T_3 ;
    %wait E_0x9a1fde8;
    %load/vec4 v0x9a7e118_0;
    %nor/r;
    %store/vec4 v0x9a7e118_0, 0, 1;
    %jmp T_3;
    .thread T_3;
    .scope S_0x9a208e8;
T_4 ;
    %pushi/vec4 0, 0, 1;
    %store/vec4 v0x9a7e1c8_0, 0, 1;
    %end;
    .thread T_4;
    .scope S_0x9a208e8;
T_5 ;
    %vpi_call 2 21 "$monitor", "#%b A%b B%b", v0x9a7e1c8_0, v0x9a7e240_0, v0x9a7e2b8_0 {0 0 0};
    %delay 100, 0;
    %vpi_call 2 22 "$finish" {0 0 0};
    %end;
    .thread T_5;
    .scope S_0x9a208e8;
T_6 ;
    %delay 5, 0;
    %load/vec4 v0x9a7e1c8_0;
    %nor/r;
    %store/vec4 v0x9a7e1c8_0, 0, 1;
    %jmp T_6;
    .thread T_6;
# The file index is used to find the file name in the following table.
:file_names 3;
    "N/A";
    "<interactive>";
    "clock_splitter.v";
